<?xml version="1.0" encoding="UTF-8"?>
<!-- Generated by org.testng.reporters.JUnitReportReporter -->
<testsuite ignored="0" hostname="DESKTOP-5PF1RA8" failures="0" tests="1" name="Project.E2ESeleniumFramework.Validatenavbar" time="67.550" errors="0" timestamp="28 Jul 2020 08:39:45 GMT" skipped="0">
  <testcase classname="Project.E2ESeleniumFramework.Validatenavbar" name="validatenavbar" time="67.550"/>
</testsuite> <!-- Project.E2ESeleniumFramework.Validatenavbar -->
