<?xml version="1.0" encoding="UTF-8"?>
<!-- Generated by org.testng.reporters.JUnitReportReporter -->
<testsuite ignored="0" hostname="DESKTOP-5PF1RA8" failures="0" tests="2" name="Project.E2ESeleniumFramework.Homepage" time="32.248" errors="0" timestamp="28 Jul 2020 08:39:45 GMT" skipped="0">
  <testcase classname="Project.E2ESeleniumFramework.Homepage" name="homepagel" time="19.933"/>
  <testcase classname="Project.E2ESeleniumFramework.Homepage" name="homepagel" time="12.315"/>
</testsuite> <!-- Project.E2ESeleniumFramework.Homepage -->
