<?xml version="1.0" encoding="UTF-8"?>
<!-- Generated by org.testng.reporters.JUnitReportReporter -->
<testsuite ignored="0" hostname="DESKTOP-5PF1RA8" failures="0" tests="1" name="Project.E2ESeleniumFramework.Homepage" time="40.817" errors="0" timestamp="20 Jul 2020 07:26:37 GMT" skipped="0">
  <testcase classname="Project.E2ESeleniumFramework.Homepage" name="basePagenavigation" time="40.817"/>
</testsuite> <!-- Project.E2ESeleniumFramework.Homepage -->
