<?xml version="1.0" encoding="UTF-8"?>
<!-- Generated by org.testng.reporters.JUnitReportReporter -->
<testsuite ignored="0" hostname="DESKTOP-5PF1RA8" failures="0" tests="1" name="Project.E2ESeleniumFramework.Homepage" time="19.966" errors="0" timestamp="17 Jul 2020 05:20:39 GMT" skipped="0">
  <testcase classname="Project.E2ESeleniumFramework.Homepage" name="basePagenavigation" time="19.966"/>
</testsuite> <!-- Project.E2ESeleniumFramework.Homepage -->
