<?xml version="1.0" encoding="UTF-8"?>
<!-- Generated by org.testng.reporters.JUnitReportReporter -->
<testsuite ignored="0" hostname="DESKTOP-5PF1RA8" failures="0" tests="1" name="Project.E2ESeleniumFramework.Validatenavbar" time="29.556" errors="0" timestamp="21 Jul 2020 06:30:21 GMT" skipped="0">
  <testcase classname="Project.E2ESeleniumFramework.Validatenavbar" name="basePagenavigation" time="29.556"/>
</testsuite> <!-- Project.E2ESeleniumFramework.Validatenavbar -->
